<?xml version="1.0" encoding="UTF-8"?>
<!-- Generated by org.testng.reporters.JUnitReportReporter -->
<testsuite skipped="0" hostname="LAPTOP-PSMGHAN6" name="com.planit.application.tests.TC002" tests="5" failures="0" timestamp="2021-05-21T22:59:24 SGT" time="27.458" errors="0">
  <testcase name="testcase" time="2.621" classname="com.planit.application.tests.TC002"/>
  <system-out>
    <![CDATA[Base Url: https://jupiter.cloud.planittesting.com launched Successfully
Clicked on Contact
Entered Data for 
Entered Data for 
Entered Data for 
Clicked on Submit
modal dialog is present 
modal dialog disappeared ]]>
  </system-out>
  <testcase name="testcase" time="6.336" classname="com.planit.application.tests.TC002"/>
  <system-out>
    <![CDATA[Base Url: https://jupiter.cloud.planittesting.com launched Successfully
Clicked on Contact
Entered Data for 
Entered Data for 
Entered Data for 
Clicked on Submit
modal dialog is present 
modal dialog disappeared ]]>
  </system-out>
  <testcase name="testcase" time="2.686" classname="com.planit.application.tests.TC002"/>
  <system-out>
    <![CDATA[Base Url: https://jupiter.cloud.planittesting.com launched Successfully
Clicked on Contact
Entered Data for 
Entered Data for 
Entered Data for 
Clicked on Submit
modal dialog is present 
modal dialog disappeared ]]>
  </system-out>
  <testcase name="testcase" time="9.542" classname="com.planit.application.tests.TC002"/>
  <system-out>
    <![CDATA[Base Url: https://jupiter.cloud.planittesting.com launched Successfully
Clicked on Contact
Entered Data for 
Entered Data for 
Entered Data for 
Clicked on Submit
modal dialog is present 
modal dialog disappeared ]]>
  </system-out>
  <testcase name="testcase" time="6.273" classname="com.planit.application.tests.TC002"/>
  <system-out>
    <![CDATA[Base Url: https://jupiter.cloud.planittesting.com launched Successfully
Clicked on Contact
Entered Data for 
Entered Data for 
Entered Data for 
Clicked on Submit
modal dialog is present 
modal dialog disappeared ]]>
  </system-out>
</testsuite> <!-- com.planit.application.tests.TC002 -->
