<?xml version="1.0" encoding="UTF-8"?>
<!-- Generated by org.testng.reporters.JUnitReportReporter -->
<testsuite skipped="0" hostname="LAPTOP-PSMGHAN6" name="com.planit.application.tests.TC002" tests="5" failures="0" timestamp="2021-05-22T00:36:28 SGT" time="28.044" errors="0">
  <testcase name="testcase" time="7.760" classname="com.planit.application.tests.TC002"/>
  <system-out>
    <![CDATA[Base Url: https://jupiter.cloud.planittesting.com launched Successfully
Clicked on Contact
Entered Data for forename
Entered Data for email
Entered Data for message
Clicked on Submit
modal dialog is present 
modal dialog disappeared ]]>
  </system-out>
  <testcase name="testcase" time="3.195" classname="com.planit.application.tests.TC002"/>
  <system-out>
    <![CDATA[Base Url: https://jupiter.cloud.planittesting.com launched Successfully
Clicked on Contact
Entered Data for forename
Entered Data for email
Entered Data for message
Clicked on Submit
modal dialog is present 
modal dialog disappeared ]]>
  </system-out>
  <testcase name="testcase" time="4.886" classname="com.planit.application.tests.TC002"/>
  <system-out>
    <![CDATA[Base Url: https://jupiter.cloud.planittesting.com launched Successfully
Clicked on Contact
Entered Data for forename
Entered Data for email
Entered Data for message
Clicked on Submit
modal dialog is present 
modal dialog disappeared ]]>
  </system-out>
  <testcase name="testcase" time="7.453" classname="com.planit.application.tests.TC002"/>
  <system-out>
    <![CDATA[Base Url: https://jupiter.cloud.planittesting.com launched Successfully
Clicked on Contact
Entered Data for forename
Entered Data for email
Entered Data for message
Clicked on Submit
modal dialog is present 
modal dialog disappeared ]]>
  </system-out>
  <testcase name="testcase" time="4.750" classname="com.planit.application.tests.TC002"/>
  <system-out>
    <![CDATA[Base Url: https://jupiter.cloud.planittesting.com launched Successfully
Clicked on Contact
Entered Data for forename
Entered Data for email
Entered Data for message
Clicked on Submit
modal dialog is present 
modal dialog disappeared ]]>
  </system-out>
</testsuite> <!-- com.planit.application.tests.TC002 -->
