<?xml version="1.0" encoding="UTF-8"?>
<!-- Generated by org.testng.reporters.JUnitReportReporter -->
<testsuite skipped="0" hostname="LAPTOP-PSMGHAN6" name="com.planit.application.tests.TC001" tests="1" failures="0" timestamp="2021-05-22T00:36:28 SGT" time="28.994" errors="0">
  <testcase name="testcase" time="28.994" classname="com.planit.application.tests.TC001"/>
  <system-out>
    <![CDATA[Base Url: https://jupiter.cloud.planittesting.com launched Successfully
Clicked on Contact
Clicked on Submit
Excepected error list:[Forename is required, Email is required, Message is required, We welcome your feedback - but we won't get it unless you complete the form correctly.]
Actual error list:[Forename is required, Email is required, Message is required, We welcome your feedback - but we won't get it unless you complete the form correctly.]
Entered Data for forename
Entered Data for email
Entered Data for message
No Errors Displayed]]>
  </system-out>
</testsuite> <!-- com.planit.application.tests.TC001 -->
