<?xml version="1.0" encoding="UTF-8"?>
<!-- Generated by org.testng.reporters.JUnitReportReporter -->
<testsuite skipped="0" hostname="LAPTOP-PSMGHAN6" name="com.planit.application.tests.TC003" tests="1" failures="0" timestamp="2021-05-22T15:38:07 SGT" time="7.612" errors="0">
  <testcase name="testcase" time="7.612" classname="com.planit.application.tests.TC003"/>
  <system-out>
    <![CDATA[Base Url: https://jupiter.cloud.planittesting.com launched Successfully
Clicked on Shop
Clicked on Cart (3)]]>
  </system-out>
</testsuite> <!-- com.planit.application.tests.TC003 -->
