<?xml version="1.0" encoding="UTF-8"?>
<!-- Generated by org.testng.reporters.JUnitReportReporter -->
<testsuite skipped="0" hostname="LAPTOP-PSMGHAN6" name="com.planit.application.tests.TC002" tests="5" failures="0" timestamp="2021-05-22T01:55:33 SGT" time="32.517" errors="0">
  <testcase name="testcase" time="5.435" classname="com.planit.application.tests.TC002"/>
  <system-out>
    <![CDATA[Base Url: https://jupiter.cloud.planittesting.com launched Successfully
Clicked on Contact
Entered Data for forename
Entered Data for email
Entered Data for message
Clicked on Submit
modal dialog is present 
modal dialog disappeared ]]>
  </system-out>
  <testcase name="testcase" time="4.056" classname="com.planit.application.tests.TC002"/>
  <system-out>
    <![CDATA[Base Url: https://jupiter.cloud.planittesting.com launched Successfully
Clicked on Contact
Entered Data for forename
Entered Data for email
Entered Data for message
Clicked on Submit
modal dialog is present 
modal dialog disappeared ]]>
  </system-out>
  <testcase name="testcase" time="3.146" classname="com.planit.application.tests.TC002"/>
  <system-out>
    <![CDATA[Base Url: https://jupiter.cloud.planittesting.com launched Successfully
Clicked on Contact
Entered Data for forename
Entered Data for email
Entered Data for message
Clicked on Submit
modal dialog is present 
modal dialog disappeared ]]>
  </system-out>
  <testcase name="testcase" time="5.750" classname="com.planit.application.tests.TC002"/>
  <system-out>
    <![CDATA[Base Url: https://jupiter.cloud.planittesting.com launched Successfully
Clicked on Contact
Entered Data for forename
Entered Data for email
Entered Data for message
Clicked on Submit
modal dialog is present 
modal dialog disappeared ]]>
  </system-out>
  <testcase name="testcase" time="14.130" classname="com.planit.application.tests.TC002"/>
  <system-out>
    <![CDATA[Base Url: https://jupiter.cloud.planittesting.com launched Successfully
Clicked on Contact
Entered Data for forename
Entered Data for email
Entered Data for message
Clicked on Submit
modal dialog is present 
modal dialog disappeared ]]>
  </system-out>
</testsuite> <!-- com.planit.application.tests.TC002 -->
