<?xml version="1.0" encoding="UTF-8"?>
<!-- Generated by org.testng.reporters.JUnitReportReporter -->
<testsuite skipped="0" hostname="LAPTOP-PSMGHAN6" name="com.planit.application.tests.TestCase1" tests="2" failures="0" timestamp="2021-05-21T10:24:00 SGT" time="35.737" errors="0">
  <testcase name="testcase" time="17.315" classname="com.planit.application.tests.TestCase1"/>
  <system-out>
    <![CDATA[Base Url: https://jupiter.cloud.planittesting.com launched Successfully
Clicked on Contact
Clicked on Submit
Excepected error list:[Forename is required, Email is required, Message is required, We welcome your feedback - but we won't get it unless you complete the form correctly.]
Actual error list:[Forename is required, Email is required, Message is required, We welcome your feedback - but we won't get it unless you complete the form correctly.]]]>
  </system-out>
  <testcase name="testcase" time="18.422" classname="com.planit.application.tests.TestCase1"/>
  <system-out>
    <![CDATA[Base Url: https://jupiter.cloud.planittesting.com launched Successfully
Clicked on Contact
Clicked on Submit
Excepected error list:[Forename is required, Email is required, Message is required, We welcome your feedback - but we won't get it unless you complete the form correctly.]
Actual error list:[Forename is required, Email is required, Message is required, We welcome your feedback - but we won't get it unless you complete the form correctly.]]]>
  </system-out>
</testsuite> <!-- com.planit.application.tests.TestCase1 -->
