<?xml version="1.0" encoding="UTF-8"?>
<!-- Generated by org.testng.reporters.JUnitReportReporter -->
<testsuite skipped="0" hostname="LAPTOP-PSMGHAN6" name="com.planit.application.tests.TC004" tests="1" failures="0" timestamp="2021-05-21T22:59:24 SGT" time="4.443" errors="0">
  <testcase name="testcase" time="4.443" classname="com.planit.application.tests.TC004"/>
  <system-out>
    <![CDATA[Base Url: https://jupiter.cloud.planittesting.com launched Successfully
Clicked on Shop
Clicked on Cart (10)]]>
  </system-out>
</testsuite> <!-- com.planit.application.tests.TC004 -->
